[5676:6668:0706/231315:INFO:AppRunner.cpp(619)] Begin run process geeplayer
[5676:6668:0706/231315:INFO:AppRunner.cpp(623)] ProductName is GeePlayer1
[5676:6668:0706/231315:INFO:AppRunner.cpp(662)] apppluginbase version is 4.3.4.80
[5676:6668:0706/231315:INFO:UIlib.cpp(192)] quilib: version is 4.3.4.78
[5676:6668:0706/231315:INFO:serviceManager.cpp(687)] mainprocessisrunning key is set as 1
[5676:6668:0706/231315:INFO:serviceManager.cpp(800)] create local service plugin PluginServerStatePlugin
[5676:6668:0706/231315:INFO:serviceManager.cpp(857)] plugin PluginServerStatePlugin DoPluginInit
[5676:6668:0706/231315:INFO:serviceManager.cpp(1523)] repository parse over
[5676:6668:0706/231316:INFO:UIManager.cpp(372)] quilib:call set resouce path, path is c:\program files (x86)\iqiyi video\geeplayer\2.5.35.3301\skin
[5676:6668:0706/231316:INFO:UIDlgBuilder.cpp(407)] quilib:create root control failed
[5676:6668:0706/231316:INFO:UIDlgBuilder.cpp(407)] quilib:create root control failed
[5676:6668:0706/231316:INFO:UIDlgBuilder.cpp(407)] quilib:create root control failed
[5676:6668:0706/231316:INFO:UIDlgBuilder.cpp(407)] quilib:create root control failed
[5676:6668:0706/231316:INFO:UIDlgBuilder.cpp(407)] quilib:create root control failed
[5676:6668:0706/231316:INFO:UIDlgBuilder.cpp(407)] quilib:create root control failed
[5676:6668:0706/231318:INFO:AppRunner.cpp(715)] loop exit geeplayer call main plugin DestoryPluginEntry
[5676:6668:0706/231318:INFO:IPlugin.cpp(117)] real plugin mainPlugin call DestroyPlugin
[5676:6668:0706/231318:INFO:IPlugin.cpp(374)] destruct plugin mainPlugin
[5676:6668:0706/231318:INFO:serviceManager.cpp(1608)] mainPlugin plugin had destroy by DestructPlugin
[5676:6668:0706/231318:INFO:serviceManager.cpp(2532)] DestructManager begin
[5676:6668:0706/231318:INFO:IPlugin.cpp(374)] destruct plugin PluginServerStatePlugin
[5676:6668:0706/231318:INFO:IPlugin.cpp(286)] real plugin PluginServerStatePlugin call DestroyPlugin
[5676:6668:0706/231318:INFO:serviceManager.cpp(1608)] PluginServerStatePlugin plugin had destroy by DestructPlugin
[5676:6668:0706/231318:INFO:serviceManager.cpp(2408)] DeleteLeftPlugins begin
[5676:6668:0706/231318:INFO:serviceManager.cpp(2470)] DeleteLeftPlugins end
[5676:6668:0706/231318:INFO:serviceManager.cpp(687)] mainprocessisrunning key is set as 0
[5676:6668:0706/231318:INFO:AppRunner.cpp(730)] close mutex of process geeplayer
[5676:6668:0706/231318:INFO:AppRunner.cpp(738)] run process geeplayer end
[8136:6768:0706/231319:INFO:AppRunner.cpp(619)] Begin run process geeplayer
[8136:6768:0706/231319:INFO:AppRunner.cpp(623)] ProductName is GeePlayer1
[8136:6768:0706/231319:INFO:AppRunner.cpp(662)] apppluginbase version is 4.3.4.80
[8136:6768:0706/231319:INFO:UIlib.cpp(192)] quilib: version is 4.3.4.78
[8136:6768:0706/231319:INFO:serviceManager.cpp(687)] mainprocessisrunning key is set as 1
[8136:6768:0706/231319:INFO:serviceManager.cpp(800)] create local service plugin PluginServerStatePlugin
[8136:6768:0706/231319:INFO:serviceManager.cpp(857)] plugin PluginServerStatePlugin DoPluginInit
[8136:6768:0706/231319:INFO:serviceManager.cpp(1523)] repository parse over
[8136:6768:0706/231322:INFO:UIManager.cpp(372)] quilib:call set resouce path, path is c:\program files (x86)\iqiyi video\geeplayer\2.5.35.3301\skin
[8136:6768:0706/231322:INFO:UIDlgBuilder.cpp(407)] quilib:create root control failed
[8136:6768:0706/231322:INFO:UIDlgBuilder.cpp(407)] quilib:create root control failed
[8136:6768:0706/231322:INFO:UIDlgBuilder.cpp(407)] quilib:create root control failed
[8136:6768:0706/231322:INFO:UIDlgBuilder.cpp(407)] quilib:create root control failed
[8136:6768:0706/231322:INFO:UIDlgBuilder.cpp(407)] quilib:create root control failed
[8136:6768:0706/231322:INFO:UIDlgBuilder.cpp(407)] quilib:create root control failed
[8136:6768:0706/231329:INFO:AppRunner.cpp(715)] loop exit geeplayer call main plugin DestoryPluginEntry
[8136:6768:0706/231329:INFO:IPlugin.cpp(117)] real plugin mainPlugin call DestroyPlugin
[8136:6768:0706/231329:INFO:IPlugin.cpp(374)] destruct plugin mainPlugin
[8136:6768:0706/231329:INFO:serviceManager.cpp(1608)] mainPlugin plugin had destroy by DestructPlugin
[8136:6768:0706/231329:INFO:serviceManager.cpp(2532)] DestructManager begin
[8136:6768:0706/231329:INFO:IPlugin.cpp(374)] destruct plugin PluginServerStatePlugin
[8136:6768:0706/231329:INFO:IPlugin.cpp(286)] real plugin PluginServerStatePlugin call DestroyPlugin
[8136:6768:0706/231329:INFO:serviceManager.cpp(1608)] PluginServerStatePlugin plugin had destroy by DestructPlugin
[8136:6768:0706/231329:INFO:serviceManager.cpp(2408)] DeleteLeftPlugins begin
[8136:6768:0706/231329:INFO:serviceManager.cpp(2470)] DeleteLeftPlugins end
[8136:6768:0706/231329:INFO:serviceManager.cpp(687)] mainprocessisrunning key is set as 0
[8136:6768:0706/231329:INFO:AppRunner.cpp(730)] close mutex of process geeplayer
[8136:6768:0706/231329:INFO:AppRunner.cpp(738)] run process geeplayer end
[1924:8160:0706/231330:INFO:AppRunner.cpp(619)] Begin run process geeplayer
[1924:8160:0706/231330:INFO:AppRunner.cpp(623)] ProductName is GeePlayer1
[1924:8160:0706/231330:INFO:AppRunner.cpp(662)] apppluginbase version is 4.3.4.80
[1924:8160:0706/231330:INFO:UIlib.cpp(192)] quilib: version is 4.3.4.78
[1924:8160:0706/231330:INFO:serviceManager.cpp(687)] mainprocessisrunning key is set as 1
[1924:8160:0706/231330:INFO:serviceManager.cpp(800)] create local service plugin PluginServerStatePlugin
[1924:8160:0706/231330:INFO:serviceManager.cpp(857)] plugin PluginServerStatePlugin DoPluginInit
[1924:8160:0706/231330:INFO:serviceManager.cpp(1523)] repository parse over
[1924:8160:0706/231331:INFO:UIManager.cpp(372)] quilib:call set resouce path, path is c:\program files (x86)\iqiyi video\geeplayer\2.5.35.3301\skin
[1924:8160:0706/231331:INFO:UIDlgBuilder.cpp(407)] quilib:create root control failed
[1924:8160:0706/231331:INFO:UIDlgBuilder.cpp(407)] quilib:create root control failed
[1924:8160:0706/231331:INFO:UIDlgBuilder.cpp(407)] quilib:create root control failed
[1924:8160:0706/231331:INFO:UIDlgBuilder.cpp(407)] quilib:create root control failed
[1924:8160:0706/231331:INFO:UIDlgBuilder.cpp(407)] quilib:create root control failed
[1924:8160:0706/231331:INFO:UIDlgBuilder.cpp(407)] quilib:create root control failed
[1924:8160:0706/231335:INFO:AppRunner.cpp(715)] loop exit geeplayer call main plugin DestoryPluginEntry
[1924:8160:0706/231335:INFO:IPlugin.cpp(117)] real plugin mainPlugin call DestroyPlugin
[1924:8160:0706/231335:INFO:IPlugin.cpp(374)] destruct plugin mainPlugin
[1924:8160:0706/231335:INFO:serviceManager.cpp(1608)] mainPlugin plugin had destroy by DestructPlugin
[1924:8160:0706/231335:INFO:serviceManager.cpp(2532)] DestructManager begin
[1924:8160:0706/231335:INFO:IPlugin.cpp(374)] destruct plugin PluginServerStatePlugin
[1924:8160:0706/231335:INFO:IPlugin.cpp(286)] real plugin PluginServerStatePlugin call DestroyPlugin
[1924:8160:0706/231335:INFO:serviceManager.cpp(1608)] PluginServerStatePlugin plugin had destroy by DestructPlugin
[1924:8160:0706/231335:INFO:serviceManager.cpp(2408)] DeleteLeftPlugins begin
[1924:8160:0706/231335:INFO:serviceManager.cpp(2470)] DeleteLeftPlugins end
[1924:8160:0706/231335:INFO:serviceManager.cpp(687)] mainprocessisrunning key is set as 0
[1924:8160:0706/231335:INFO:AppRunner.cpp(730)] close mutex of process geeplayer
[1924:8160:0706/231335:INFO:AppRunner.cpp(738)] run process geeplayer end
[3256:7600:0706/231338:INFO:AppRunner.cpp(619)] Begin run process geeplayer
[3256:7600:0706/231338:INFO:AppRunner.cpp(623)] ProductName is GeePlayer1
[3256:7600:0706/231338:INFO:AppRunner.cpp(662)] apppluginbase version is 4.3.4.80
[3256:7600:0706/231338:INFO:UIlib.cpp(192)] quilib: version is 4.3.4.78
[3256:7600:0706/231338:INFO:serviceManager.cpp(687)] mainprocessisrunning key is set as 1
[3256:7600:0706/231338:INFO:serviceManager.cpp(800)] create local service plugin PluginServerStatePlugin
[3256:7600:0706/231338:INFO:serviceManager.cpp(857)] plugin PluginServerStatePlugin DoPluginInit
[3256:7600:0706/231338:INFO:serviceManager.cpp(1523)] repository parse over
[3256:7600:0706/231339:INFO:UIManager.cpp(372)] quilib:call set resouce path, path is c:\program files (x86)\iqiyi video\geeplayer\2.5.35.3301\skin
[3256:7600:0706/231339:INFO:UIDlgBuilder.cpp(407)] quilib:create root control failed
[3256:7600:0706/231339:INFO:UIDlgBuilder.cpp(407)] quilib:create root control failed
[3256:7600:0706/231339:INFO:UIDlgBuilder.cpp(407)] quilib:create root control failed
[3256:7600:0706/231339:INFO:UIDlgBuilder.cpp(407)] quilib:create root control failed
[3256:7600:0706/231340:INFO:UIDlgBuilder.cpp(407)] quilib:create root control failed
[3256:7600:0706/231340:INFO:UIDlgBuilder.cpp(407)] quilib:create root control failed
[3256:7600:0706/231344:INFO:AppRunner.cpp(715)] loop exit geeplayer call main plugin DestoryPluginEntry
[3256:7600:0706/231344:INFO:IPlugin.cpp(117)] real plugin mainPlugin call DestroyPlugin
[3256:7600:0706/231344:INFO:IPlugin.cpp(374)] destruct plugin mainPlugin
[3256:7600:0706/231344:INFO:serviceManager.cpp(1608)] mainPlugin plugin had destroy by DestructPlugin
[3256:7600:0706/231344:INFO:serviceManager.cpp(2532)] DestructManager begin
[3256:7600:0706/231344:INFO:IPlugin.cpp(374)] destruct plugin PluginServerStatePlugin
[3256:7600:0706/231344:INFO:IPlugin.cpp(286)] real plugin PluginServerStatePlugin call DestroyPlugin
[3256:7600:0706/231344:INFO:serviceManager.cpp(1608)] PluginServerStatePlugin plugin had destroy by DestructPlugin
[3256:7600:0706/231344:INFO:serviceManager.cpp(2408)] DeleteLeftPlugins begin
[3256:7600:0706/231344:INFO:serviceManager.cpp(2470)] DeleteLeftPlugins end
[3256:7600:0706/231344:INFO:serviceManager.cpp(687)] mainprocessisrunning key is set as 0
[3256:7600:0706/231344:INFO:AppRunner.cpp(730)] close mutex of process geeplayer
[3256:7600:0706/231344:INFO:AppRunner.cpp(738)] run process geeplayer end
[8460:8464:0707/004426:INFO:AppRunner.cpp(619)] Begin run process geeplayer
[8460:8464:0707/004426:INFO:AppRunner.cpp(623)] ProductName is GeePlayer1
[8460:8464:0707/004426:INFO:AppRunner.cpp(662)] apppluginbase version is 4.3.4.80
[8460:8464:0707/004426:INFO:UIlib.cpp(192)] quilib: version is 4.3.4.78
[8460:8464:0707/004426:INFO:serviceManager.cpp(687)] mainprocessisrunning key is set as 1
[8460:8464:0707/004426:INFO:serviceManager.cpp(800)] create local service plugin PluginServerStatePlugin
[8460:8464:0707/004426:INFO:serviceManager.cpp(857)] plugin PluginServerStatePlugin DoPluginInit
[8460:8464:0707/004426:INFO:serviceManager.cpp(1523)] repository parse over
[8460:8464:0707/004427:INFO:UIManager.cpp(372)] quilib:call set resouce path, path is c:\program files (x86)\iqiyi video\geeplayer\2.5.35.3301\skin
[8460:8464:0707/004427:INFO:UIDlgBuilder.cpp(407)] quilib:create root control failed
[8460:8464:0707/004427:INFO:UIDlgBuilder.cpp(407)] quilib:create root control failed
[8460:8464:0707/004427:INFO:UIDlgBuilder.cpp(407)] quilib:create root control failed
[8460:8464:0707/004427:INFO:UIDlgBuilder.cpp(407)] quilib:create root control failed
[8460:8464:0707/004427:INFO:UIDlgBuilder.cpp(407)] quilib:create root control failed
[8460:8464:0707/004427:INFO:UIDlgBuilder.cpp(407)] quilib:create root control failed
[8460:8464:0707/004430:INFO:AppRunner.cpp(715)] loop exit geeplayer call main plugin DestoryPluginEntry
[8460:8464:0707/004430:INFO:IPlugin.cpp(117)] real plugin mainPlugin call DestroyPlugin
[8460:8464:0707/004430:INFO:IPlugin.cpp(374)] destruct plugin mainPlugin
[8460:8464:0707/004430:INFO:serviceManager.cpp(1608)] mainPlugin plugin had destroy by DestructPlugin
[8460:8464:0707/004430:INFO:serviceManager.cpp(2532)] DestructManager begin
[8460:8464:0707/004430:INFO:IPlugin.cpp(374)] destruct plugin PluginServerStatePlugin
[8460:8464:0707/004430:INFO:IPlugin.cpp(286)] real plugin PluginServerStatePlugin call DestroyPlugin
[8460:8464:0707/004430:INFO:serviceManager.cpp(1608)] PluginServerStatePlugin plugin had destroy by DestructPlugin
[8460:8464:0707/004430:INFO:serviceManager.cpp(2408)] DeleteLeftPlugins begin
[8460:8464:0707/004430:INFO:serviceManager.cpp(2470)] DeleteLeftPlugins end
[8460:8464:0707/004430:INFO:serviceManager.cpp(687)] mainprocessisrunning key is set as 0
[8460:8464:0707/004430:INFO:AppRunner.cpp(730)] close mutex of process geeplayer
[8460:8464:0707/004430:INFO:AppRunner.cpp(738)] run process geeplayer end
